<?xml version="1.0" encoding="UTF-8"?>
<!-- Generated by org.testng.reporters.JUnitReportReporter -->
<testsuite hostname="DESKTOP-MHBGVM6" failures="0" tests="2" name="StringTraining.SplitExample" time="11.768" errors="0" timestamp="2023-09-08T13:23:36 IST" skipped="1">
  <testcase classname="StringTraining.SplitExample" name="SplitWordsUsingScanner" time="11.768"/>
  <system-out/>
  <testcase classname="StringTraining.SplitExample" name="SplitWords">
    <skipped/>
  </testcase> <!-- SplitWords -->
  <system-out/>
</testsuite> <!-- StringTraining.SplitExample -->
